<?xml version="1.0" encoding="UTF-8"?>
<testng-results skipped="2" failed="0" total="3" passed="1">
  <reporter-output>
  </reporter-output>
  <suite name="Default suite" duration-ms="13674" started-at="2017-04-12T13:11:06Z" finished-at="2017-04-12T13:11:19Z">
    <groups>
    </groups>
    <test name="Default test" duration-ms="13674" started-at="2017-04-12T13:11:06Z" finished-at="2017-04-12T13:11:19Z">
      <class name="TestCases.VerifyHomePageWithScreenshot">
        <test-method status="PASS" signature="setUp()[pri:0, instance:TestCases.VerifyHomePageWithScreenshot@573f2bb1]" name="setUp" is-config="true" duration-ms="1900" started-at="2017-04-12T13:11:06Z" finished-at="2017-04-12T13:11:08Z">
        </test-method> <!-- setUp -->
        <test-method status="PASS" signature="test2()[pri:0, instance:TestCases.VerifyHomePageWithScreenshot@573f2bb1]" name="test2" duration-ms="11700" started-at="2017-04-12T13:11:08Z" finished-at="2017-04-12T13:11:19Z">
        </test-method> <!-- test2 -->
        <test-method status="FAIL" signature="CloseBrowser(org.testng.ITestResult)[pri:0, instance:TestCases.VerifyHomePageWithScreenshot@573f2bb1]" name="CloseBrowser" is-config="true" duration-ms="0" started-at="2017-04-12T13:11:19Z" finished-at="2017-04-12T13:11:19Z">
          <params>
            <param index="0">
              <value>
                <![CDATA[[TestResult: test2 STATUS:SUCCESS METHOD:VerifyHomePageWithScreenshot.test2()[pri:0, instance:TestCases.VerifyHomePageWithScreenshot@573f2bb1]]
]]>
              </value>
            </param>
          </params>
          <exception class="org.openqa.selenium.UnhandledAlertException">
            <message>
              <![CDATA[Unexpected alert open (WARNING: The server did not provide any stacktrace information)
Command duration or timeout: 14 milliseconds: null
Build info: version: '2.53.0', revision: '35ae25b1534ae328c771e0856c93e187490ca824', time: '2016-03-15 10:43:46'
System info: host: 'WINDOWS-BED5AOG', ip: '192.168.0.109', os.name: 'Windows 10', os.arch: 'amd64', os.version: '10.0', java.version: '1.8.0_91'
Driver info: org.openqa.selenium.edge.EdgeDriver
Capabilities [{applicationCacheEnabled=true, acceptSslCerts=true, browserVersion=38.14393.0.0, platformVersion=10, locationContextEnabled=true, webStorageEnabled=true, browserName=MicrosoftEdge, takesScreenshot=true, pageLoadStrategy=normal, takesElementScreenshot=true, platformName=windows, platform=ANY}]
Session ID: 9E364ABA-2552-4D4F-9FB5-A1D3B48E81A0]]>
            </message>
            <full-stacktrace>
              <![CDATA[org.openqa.selenium.UnhandledAlertException: Unexpected alert open (WARNING: The server did not provide any stacktrace information)
Command duration or timeout: 14 milliseconds: null
Build info: version: '2.53.0', revision: '35ae25b1534ae328c771e0856c93e187490ca824', time: '2016-03-15 10:43:46'
System info: host: 'WINDOWS-BED5AOG', ip: '192.168.0.109', os.name: 'Windows 10', os.arch: 'amd64', os.version: '10.0', java.version: '1.8.0_91'
Driver info: org.openqa.selenium.edge.EdgeDriver
Capabilities [{applicationCacheEnabled=true, acceptSslCerts=true, browserVersion=38.14393.0.0, platformVersion=10, locationContextEnabled=true, webStorageEnabled=true, browserName=MicrosoftEdge, takesScreenshot=true, pageLoadStrategy=normal, takesElementScreenshot=true, platformName=windows, platform=ANY}]
Session ID: 9E364ABA-2552-4D4F-9FB5-A1D3B48E81A0
	at sun.reflect.NativeConstructorAccessorImpl.newInstance0(Native Method)
	at sun.reflect.NativeConstructorAccessorImpl.newInstance(NativeConstructorAccessorImpl.java:62)
	at sun.reflect.DelegatingConstructorAccessorImpl.newInstance(DelegatingConstructorAccessorImpl.java:45)
	at java.lang.reflect.Constructor.newInstance(Constructor.java:423)
	at org.openqa.selenium.remote.ErrorHandler.createThrowable(ErrorHandler.java:206)
	at org.openqa.selenium.remote.ErrorHandler.throwIfResponseFailed(ErrorHandler.java:164)
	at org.openqa.selenium.remote.RemoteWebDriver.execute(RemoteWebDriver.java:678)
	at org.openqa.selenium.remote.RemoteWebDriver.execute(RemoteWebDriver.java:701)
	at org.openqa.selenium.remote.RemoteWebDriver.getScreenshotAs(RemoteWebDriver.java:335)
	at Utility.Helper.CaptureScreenshot(Helper.java:20)
	at TestCases.VerifyHomePageWithScreenshot.CloseBrowser(VerifyHomePageWithScreenshot.java:74)
	at sun.reflect.NativeMethodAccessorImpl.invoke0(Native Method)
	at sun.reflect.NativeMethodAccessorImpl.invoke(NativeMethodAccessorImpl.java:62)
	at sun.reflect.DelegatingMethodAccessorImpl.invoke(DelegatingMethodAccessorImpl.java:43)
	at java.lang.reflect.Method.invoke(Method.java:498)
	at org.testng.internal.MethodInvocationHelper.invokeMethod(MethodInvocationHelper.java:80)
	at org.testng.internal.Invoker.invokeConfigurationMethod(Invoker.java:551)
	at org.testng.internal.Invoker.invokeConfigurations(Invoker.java:213)
	at org.testng.internal.Invoker.invokeMethod(Invoker.java:782)
	at org.testng.internal.Invoker.invokeTestMethod(Invoker.java:893)
	at org.testng.internal.Invoker.invokeTestMethods(Invoker.java:1218)
	at org.testng.internal.TestMethodWorker.invokeTestMethods(TestMethodWorker.java:127)
	at org.testng.internal.TestMethodWorker.run(TestMethodWorker.java:111)
	at org.testng.TestRunner.privateRun(TestRunner.java:758)
	at org.testng.TestRunner.run(TestRunner.java:613)
	at org.testng.SuiteRunner.runTest(SuiteRunner.java:334)
	at org.testng.SuiteRunner.runSequentially(SuiteRunner.java:329)
	at org.testng.SuiteRunner.privateRun(SuiteRunner.java:291)
	at org.testng.SuiteRunner.run(SuiteRunner.java:240)
	at org.testng.SuiteRunnerWorker.runSuite(SuiteRunnerWorker.java:53)
	at org.testng.SuiteRunnerWorker.run(SuiteRunnerWorker.java:87)
	at org.testng.TestNG.runSuitesSequentially(TestNG.java:1170)
	at org.testng.TestNG.runSuitesLocally(TestNG.java:1095)
	at org.testng.TestNG.run(TestNG.java:1007)
	at org.testng.remote.AbstractRemoteTestNG.run(AbstractRemoteTestNG.java:132)
	at org.testng.remote.RemoteTestNG.initAndRun(RemoteTestNG.java:230)
	at org.testng.remote.RemoteTestNG.main(RemoteTestNG.java:76)
]]>
            </full-stacktrace>
          </exception> <!-- org.openqa.selenium.UnhandledAlertException -->
        </test-method> <!-- CloseBrowser -->
        <test-method status="SKIP" signature="setUp()[pri:0, instance:TestCases.VerifyHomePageWithScreenshot@573f2bb1]" name="setUp" is-config="true" duration-ms="0" started-at="2017-04-12T13:11:19Z" finished-at="2017-04-12T13:11:19Z">
        </test-method> <!-- setUp -->
        <test-method status="SKIP" signature="test3()[pri:0, instance:TestCases.VerifyHomePageWithScreenshot@573f2bb1]" name="test3" duration-ms="2" started-at="2017-04-12T13:11:19Z" finished-at="2017-04-12T13:11:19Z">
        </test-method> <!-- test3 -->
        <test-method status="SKIP" signature="CloseBrowser(org.testng.ITestResult)[pri:0, instance:TestCases.VerifyHomePageWithScreenshot@573f2bb1]" name="CloseBrowser" is-config="true" duration-ms="0" started-at="2017-04-12T13:11:19Z" finished-at="2017-04-12T13:11:19Z">
        </test-method> <!-- CloseBrowser -->
        <test-method status="SKIP" signature="setUp()[pri:0, instance:TestCases.VerifyHomePageWithScreenshot@573f2bb1]" name="setUp" is-config="true" duration-ms="0" started-at="2017-04-12T13:11:19Z" finished-at="2017-04-12T13:11:19Z">
        </test-method> <!-- setUp -->
        <test-method status="SKIP" signature="testHomePage()[pri:0, instance:TestCases.VerifyHomePageWithScreenshot@573f2bb1]" name="testHomePage" duration-ms="2" started-at="2017-04-12T13:11:19Z" finished-at="2017-04-12T13:11:19Z">
        </test-method> <!-- testHomePage -->
        <test-method status="SKIP" signature="CloseBrowser(org.testng.ITestResult)[pri:0, instance:TestCases.VerifyHomePageWithScreenshot@573f2bb1]" name="CloseBrowser" is-config="true" duration-ms="0" started-at="2017-04-12T13:11:19Z" finished-at="2017-04-12T13:11:19Z">
        </test-method> <!-- CloseBrowser -->
      </class> <!-- TestCases.VerifyHomePageWithScreenshot -->
    </test> <!-- Default test -->
  </suite> <!-- Default suite -->
</testng-results>
